[13:11:34] This is prokka 1.12
[13:11:34] Written by Torsten Seemann <torsten.seemann@gmail.com>
[13:11:34] Homepage is https://github.com/tseemann/prokka
[13:11:34] Local time is Tue May  2 13:11:34 2017
[13:11:34] You are ubuntu
[13:11:34] Operating system is linux
[13:11:34] You have BioPerl 1.006924
[13:11:34] System has 8 cores.
[13:11:34] Will use maximum of 7 cores.
[13:11:34] Annotating as >>> Bacteria <<<
[13:11:34] Generating locus_tag from '/home/ubuntu/projects/GUM007/assemblies/megahit/G7_subst5_megahit_041617/final.contigs.fa' contents.
[13:11:34] Setting --locustag HNOINGMP from MD5 1782706953f301fe30397e53273c2a75
[13:11:34] Re-using existing --outdir G7_sub5mega_prka_042617/
[13:11:34] Using filename prefix: G7sub5mega.XXX
[13:11:34] Setting HMMER_NCPU=1
[13:11:34] Writing log to: G7_sub5mega_prka_042617//G7sub5mega.log
[13:11:34] Command: /opt/prokka/bin/prokka /home/ubuntu/projects/GUM007/assemblies/megahit/G7_subst5_megahit_041617/final.contigs.fa --outdir G7_sub5mega_prka_042617/ --prefix G7sub5mega --metagenome --cpus 7 --force
[13:11:34] Appending to PATH: /opt/prokka/bin/../binaries/linux
[13:11:34] Appending to PATH: /opt/prokka/bin/../binaries/linux/../common
[13:11:34] Appending to PATH: /opt/prokka/bin
[13:11:34] Looking for 'aragorn' - found /opt/prokka/bin/../binaries/linux/aragorn
[13:11:34] Determined aragorn version is 1.2
[13:11:34] Looking for 'barrnap' - found /opt/barrnap/bin/barrnap
[13:11:34] Determined barrnap version is 0.8
[13:11:34] Looking for 'blastp' - found /usr/bin/blastp
[13:11:34] Determined blastp version is 2.2
[13:11:34] Looking for 'cmpress' - found /usr/bin/cmpress
[13:11:34] Determined cmpress version is 1.1
[13:11:34] Looking for 'cmscan' - found /usr/bin/cmscan
[13:11:34] Determined cmscan version is 1.1
[13:11:34] Looking for 'egrep' - found /bin/egrep
[13:11:34] Looking for 'find' - found /usr/bin/find
[13:11:34] Looking for 'grep' - found /bin/grep
[13:11:34] Looking for 'hmmpress' - found /usr/bin/hmmpress
[13:11:34] Determined hmmpress version is 3.1
[13:11:34] Looking for 'hmmscan' - found /usr/bin/hmmscan
[13:11:34] Determined hmmscan version is 3.1
[13:11:34] Looking for 'java' - found /usr/bin/java
[13:11:34] Looking for 'less' - found /usr/bin/less
[13:11:34] Looking for 'makeblastdb' - found /usr/bin/makeblastdb
[13:11:34] Determined makeblastdb version is 2.2
[13:11:34] Looking for 'minced' - found /opt/prokka/bin/../binaries/linux/../common/minced
[13:11:35] Determined minced version is 2.0
[13:11:35] Looking for 'parallel' - found /opt/prokka/bin/../binaries/linux/../common/parallel
[13:11:35] Determined parallel version is 20150122
[13:11:35] Looking for 'prodigal' - found /opt/prokka/bin/../binaries/linux/prodigal
[13:11:35] Determined prodigal version is 2.6
[13:11:35] Looking for 'prokka-genbank_to_fasta_db' - found /opt/prokka/bin/prokka-genbank_to_fasta_db
[13:11:35] Looking for 'sed' - found /bin/sed
[13:11:35] Looking for 'tbl2asn' - found /opt/prokka/bin/../binaries/linux/tbl2asn
[13:11:35] Determined tbl2asn version is 25.3
[13:11:35] Using genetic code table 11.
[13:11:35] Loading and checking input file: /home/ubuntu/projects/GUM007/assemblies/megahit/G7_subst5_megahit_041617/final.contigs.fa
[13:11:36] Wrote 6540 contigs totalling 14764024 bp.
[13:11:36] Predicting tRNAs and tmRNAs
[13:11:36] Running: aragorn -l -gc11  -w G7_sub5mega_prka_042617\/\/G7sub5mega\.fna
[13:11:36] 1 tRNA-Pro [676,751] 36 (ggg)
[13:11:36] 1 tRNA-Asp [12047,12122] 36 (gtc)
[13:11:36] 1 tRNA-Lys [116,187] 33 (ttt)
[13:11:37] 1 tRNA-Met c[1433,1506] 33 (cat)
[13:11:37] 1 tRNA-Pro c[1217,1290] 35 (cgg)
[13:11:37] 1 tRNA-Ser [1269,1355] 36 (tga)
[13:11:37] 1 tRNA-Lys [6210,6283] 34 (ctt)
[13:11:37] 1 tRNA-Tyr [19566,19649] 35 (gta)
[13:11:37] 2 tRNA-Thr [19675,19746] 33 (ggt)
[13:11:37] 3 tRNA-Arg c[20410,20484] 35 (tct)
[13:11:38] 1 tRNA-Gln c[9482,9555] 34 (ttg)
[13:11:38] 1 tRNA-Thr [10472,10543] 33 (tgt)
[13:11:38] 1 tRNA-Trp [7783,7856] 34 (cca)
[13:11:38] 1 tRNA-Arg [37785,37858] 35 (acg)
[13:11:38] 1 tRNA-Pro [3225,3298] 35 (tgg)
[13:11:38] 1 tRNA-Ser [3598,3689] 36 (gct)
[13:11:38] 1 tRNA-Ala c[359,433] 35 (ggc)
[13:11:38] 1 tRNA-Ser c[3614,3702] 36 (gga)
[13:11:38] 1 tRNA-Glu c[1020,1092] 35 (ttc)
[13:11:39] 1 tRNA-Leu c[2777,2858] 35 (tag)
[13:11:39] 1 tRNA-Thr c[2174,2245] 33 (cgt)
[13:11:39] 1 tRNA-Leu [2445,2527] 35 (caa)
[13:11:39] 1 tRNA-His [4531,4604] 34 (gtg)
[13:11:39] 1 tmRNA [51,436] 101,148 ANNIVPFARKAAAVA*
[13:11:39] 1 tRNA-Met c[11017,11089] 34 (cat)
[13:11:40] 1 tRNA-Leu c[13520,13603] 36 (tag)
[13:11:40] 1 tRNA-Val [17406,17479] 35 (gac)
[13:11:40] 2 tRNA-Val [17559,17634] 36 (gac)
[13:11:40] 1 tRNA-Val c[7671,7742] 33 (cac)
[13:11:40] 2 tRNA-Val c[8743,8816] 34 (tac)
[13:11:40] 3 tRNA-Gly c[9957,10028] 33 (ccc)
[13:11:40] 1 tRNA-Met c[5204,5276] 34 (cat)
[13:11:40] 1 tRNA-Arg [2170,2245] 36 (cct)
[13:11:41] 1 tRNA-Lys c[124,196] 34 (ttt)
[13:11:41] 1 tRNA-Ser c[1992,2081] 36 (cga)
[13:11:41] 1 tRNA-Gly c[3779,3849] 33 (tcc)
[13:11:41] 1 tRNA-Gly [108,179] 33 (gcc)
[13:11:41] 1 tRNA-Phe [551,645] 36 (gaa)
[13:11:41] 1 tRNA-Val [387,460] 35 (cac)
[13:11:41] 1 tRNA-Ala c[4569,4641] 34 (cgc)
[13:11:41] 1 tRNA-Cys c[10370,10441] 33 (gca)
[13:11:41] 1 tRNA-Ala c[3241,3314] 34 (tgc)
[13:11:42] 2 tRNA-Ile c[3333,3409] 36 (gat)
[13:11:42] 1 tRNA-Leu c[28553,28636] 35 (cag)
[13:11:42] 1 tRNA-Phe [2799,2871] 34 (gaa)
[13:11:42] 1 tRNA-Arg [3839,3911] 34 (ccg)
[13:11:42] Found 46 tRNAs
[13:11:42] Predicting Ribosomal RNAs
[13:11:42] Running Barrnap with 7 threads
[13:11:45] 1 k99_122401 200 23S ribosomal RNA
[13:11:45] 2 k99_122401 3527 16S ribosomal RNA
[13:11:45] 3 k99_16704 465 16S ribosomal RNA (partial)
[13:11:45] 4 k99_194 268 23S ribosomal RNA (partial)
[13:11:45] Found 4 rRNAs
[13:11:45] Skipping ncRNA search, enable with --rfam if desired.
[13:11:45] Total of 49 tRNA + rRNA features
[13:11:45] Searching for CRISPR repeats
[13:11:46] CRISPR1 k99_3583 3333 with 9 spacers
[13:11:46] CRISPR2 k99_54782 103 with 3 spacers
[13:11:46] CRISPR3 k99_57010 62 with 4 spacers
[13:11:46] CRISPR4 k99_88073 1742 with 7 spacers
[13:11:47] Found 4 CRISPRs
[13:11:47] Predicting coding sequences
[13:11:47] Contigs total 14764024 bp, so using meta mode
[13:11:47] Running: prodigal -i G7_sub5mega_prka_042617\/\/G7sub5mega\.fna -c -m -g 11 -p meta -f sco -q
[13:11:47] Excluding CDS which overlaps existing RNA (rRNA) at k99_194:521..901 on + strand
[13:11:47] Excluding CDS which overlaps existing RNA (rRNA) at k99_194:1954..2130 on - strand
[13:12:12] Excluding CDS which overlaps existing RNA (tRNA) at k99_42423:2688..2825 on + strand
[13:12:16] Excluding CDS which overlaps existing RNA (tRNA) at k99_50332:1591..2466 on + strand
[13:12:19] Excluding CDS which overlaps existing RNA (repeat_region) at k99_57010:31..516 on + strand
[13:12:27] Excluding CDS which overlaps existing RNA (tRNA) at k99_72407:16980..17456 on - strand
[13:12:44] Excluding CDS which overlaps existing RNA (rRNA) at k99_122401:4507..4800 on + strand
[13:12:46] Found 11134 CDS
[13:12:46] Connecting features back to sequences
[13:12:46] Not using genus-specific database. Try --usegenus to enable it.
[13:12:46] Annotating CDS, please be patient.
[13:12:46] Will use 7 CPUs for similarity searching.
[13:12:49] There are still 11134 unannotated CDS left (started with 11134)
[13:12:49] Will use blast to search against /opt/prokka/bin/../db/kingdom/Bacteria/sprot with 7 CPUs
[13:12:49] Running: cat G7_sub5mega_prka_042617\/\/sprot\.faa | parallel --gnu --plain -j 7 --block 174837 --recstart '>' --pipe blastp -query - -db /opt/prokka/bin/../db/kingdom/Bacteria/sprot -evalue 1e-06 -num_threads 1 -num_descriptions 1 -num_alignments 1 -seg no > G7_sub5mega_prka_042617\/\/sprot\.blast 2> /dev/null
[13:14:40] Modify product: Epimerase family protein SA0724 => Epimerase family protein
[13:14:41] Modify product: Putative O-methyltransferase Rv1220c => Putative O-methyltransferase
[13:14:41] Modify product: Phage shock protein A homolog => Phage shock protein A 
[13:14:41] Modify product: Laccase domain protein Rv2149c => Laccase domain protein
[13:14:41] Modify product: Transcriptional repressor SmtB homolog => Transcriptional repressor SmtB 
[13:14:41] Modify product: Probable 2,4-dienoyl-CoA reductase => putative 2,4-dienoyl-CoA reductase
[13:14:41] Modify product: Probable S-adenosylmethionine-dependent methyltransferase MSMEG_2350/MSMEI_2290 => putative S-adenosylmethionine-dependent methyltransferase/MSMEI_2290
[13:14:41] Modify product: Probable molybdenum cofactor guanylyltransferase => putative molybdenum cofactor guanylyltransferase
[13:14:41] Modify product: Putative O-methyltransferase Rv1220c => Putative O-methyltransferase
[13:14:41] Modify product: Probable undecaprenyl-phosphate N-acetylglucosaminyl 1-phosphate transferase => putative undecaprenyl-phosphate N-acetylglucosaminyl 1-phosphate transferase
[13:14:41] Modify product: Probable phycoerythrobilin lyase CpeT => putative phycoerythrobilin lyase CpeT
[13:14:41] Modify product: Probable phycoerythrobilin lyase CpeT => putative phycoerythrobilin lyase CpeT
[13:14:41] Modify product: Probable dual-specificity RNA methyltransferase RlmN => putative dual-specificity RNA methyltransferase RlmN
[13:14:41] Modify product: Probable 2-phosphosulfolactate phosphatase => putative 2-phosphosulfolactate phosphatase
[13:14:41] Modify product: Bifunctional protein FolD => Bifunctional protein FolD protein
[13:14:41] Modify product: Probable ABC transporter-binding protein DR_1571 => putative ABC transporter-binding protein
[13:14:41] Modify product: Maf-like protein Rv3282 => Maf-like protein
[13:14:41] Modify product: Phosphorylated carbohydrates phosphatase TM_1254 => Phosphorylated carbohydrates phosphatase
[13:14:41] Modify product: Uncharacterized MscS family protein HI_0195.1 => putative MscS family protein.1
[13:14:41] Modify product: Probable adenylyl-sulfate kinase => putative adenylyl-sulfate kinase
[13:14:41] Modify product: Putative peroxiredoxin sll1621 => Putative peroxiredoxin
[13:14:41] Modify product: Probable glutamine ABC transporter permease protein GlnM => putative glutamine ABC transporter permease protein GlnM
[13:14:42] Modify product: ABC transporter ATP-binding/permease protein Rv1747 => ABC transporter ATP-binding/permease protein
[13:14:42] Modify product: Probable glutaredoxin ssr2061 => putative glutaredoxin
[13:14:42] Modify product: Probable phospholipid ABC transporter permease protein MlaE => putative phospholipid ABC transporter permease protein MlaE
[13:14:42] Modify product: Putative universal stress protein SA1532 => Putative universal stress protein
[13:14:42] Modify product: Putative phosphoribosyl transferase MT0597 => Putative phosphoribosyl transferase
[13:14:42] Modify product: Probable S-adenosyl-L-methionine-dependent methyltransferase TehB => putative S-adenosyl-L-methionine-dependent methyltransferase TehB
[13:14:42] Modify product: Uncharacterized GTP-binding protein YjiA => putative GTP-binding protein YjiA
[13:14:42] Modify product: Protease HtpX homolog => Protease HtpX 
[13:14:42] Modify product: Uncharacterized sugar epimerase YhfK => putative sugar epimerase YhfK
[13:14:42] Modify product: GTP-binding protein TypA/BipA homolog => GTP-binding protein TypA/BipA 
[13:14:42] Modify product: Uncharacterized monooxygenase Rv0892 => putative monooxygenase
[13:14:42] Modify product: Putative multidrug export ATP-binding/permease protein SA1683 => Putative multidrug export ATP-binding/permease protein
[13:14:42] Modify product: Acetyltransferase SACOL1063 => Acetyltransferase
[13:14:42] Modify product: Glycolipid sulfotransferase Rv1373 => Glycolipid sulfotransferase
[13:14:42] Modify product: Uncharacterized oxidoreductase Rv2298 => putative oxidoreductase
[13:14:42] Modify product: Uncharacterized FAD-linked oxidoreductase Rv2280 => putative FAD-linked oxidoreductase
[13:14:42] Modify product: PGL/p-HBAD biosynthesis glycosyltransferase Rv2957 => PGL/p-HBAD biosynthesis glycosyltransferase
[13:14:42] Modify product: N utilization substance protein B homolog => N utilization substance protein B 
[13:14:42] Modify product: Putative multidrug export ATP-binding/permease protein SA1683 => Putative multidrug export ATP-binding/permease protein
[13:14:42] Modify product: Probable lipid II flippase MurJ => putative lipid II flippase MurJ
[13:14:43] Modify product: Probable nicotinate-nucleotide pyrophosphorylase [carboxylating] => putative nicotinate-nucleotide pyrophosphorylase [carboxylating]
[13:14:43] Modify product: Probable ABC transporter-binding protein DR_1438 => putative ABC transporter-binding protein
[13:14:43] Modify product: Uncharacterized ABC transporter ATP-binding protein TM_0288 => putative ABC transporter ATP-binding protein
[13:14:43] Modify product: Uncharacterized FAD-linked oxidoreductase Rv2280 => putative FAD-linked oxidoreductase
[13:14:43] Modify product: Carbon dioxide-concentrating mechanism protein CcmK homolog 4 => Carbon dioxide-concentrating mechanism protein CcmK 
[13:14:43] Modify product: Uncharacterized MscS family protein YkuT => putative MscS family protein YkuT
[13:14:43] Modify product: Uncharacterized oxidoreductase MSMEG_1603/MSMEI_1564 => putative oxidoreductase/MSMEI_1564
[13:14:43] Modify product: Uncharacterized signaling protein CC_0091 => putative signaling protein
[13:14:43] Modify product: 30S ribosomal protein S1 homolog => 30S ribosomal protein S1 
[13:14:43] Modify product: Phosphate-specific transport system accessory protein PhoU homolog => Phosphate-specific transport system accessory protein PhoU 
[13:14:43] Modify product: Putative phosphoesterase SA0873 => Putative phosphoesterase
[13:14:43] Modify product: Uncharacterized phycocyanin operon protein Z => putative phycocyanin operon protein Z
[13:14:43] Modify product: Uncharacterized zinc protease Rv2782c => putative zinc protease
[13:14:43] Modify product: Probable DNA double-strand break repair Rad50 ATPase => putative DNA double-strand break repair Rad50 ATPase
[13:14:43] Modify product: Protease HtpX homolog => Protease HtpX 
[13:14:43] Modify product: Probable protein kinase UbiB => putative protein kinase UbiB
[13:14:43] Modify product: Uncharacterized ABC transporter ATP-binding protein YxlF => putative ABC transporter ATP-binding protein YxlF
[13:14:43] Modify product: Probable peptidyl-prolyl cis-trans isomerase => putative peptidyl-prolyl cis-trans isomerase
[13:14:43] Modify product: Uncharacterized metallophosphoesterase YhaO => putative metallophosphoesterase YhaO
[13:14:43] Modify product: Probable nicotinate-nucleotide adenylyltransferase => putative nicotinate-nucleotide adenylyltransferase
[13:14:43] Modify product: Probable cytochrome c oxidase subunit 3 => putative cytochrome c oxidase subunit 3
[13:14:43] Modify product: Probable protein kinase UbiB => putative protein kinase UbiB
[13:14:43] Modify product: Uncharacterized methyltransferase YcgJ => putative methyltransferase YcgJ
[13:14:43] Modify product: Probable nicotinate-nucleotide pyrophosphorylase [carboxylating] => putative nicotinate-nucleotide pyrophosphorylase [carboxylating]
[13:14:43] Modify product: Probable copper-transporting ATPase PacS => putative copper-transporting ATPase PacS
[13:14:44] Modify product: Uncharacterized ABC transporter ATP-binding protein YheS => putative ABC transporter ATP-binding protein YheS
[13:14:44] Modify product: Uncharacterized hydrolase YxeP => putative hydrolase YxeP
[13:14:44] Modify product: Uncharacterized NTE family protein Rv2565 => putative NTE family protein
[13:14:44] Modify product: Uncharacterized NTE family protein Rv2565 => putative NTE family protein
[13:14:44] Modify product: Glycogen operon protein GlgX homolog => Glycogen operon protein GlgX 
[13:14:44] Modify product: Uncharacterized methyltransferase Rv3342 => putative methyltransferase
[13:14:44] Modify product: Uncharacterized signaling protein CC_0091 => putative signaling protein
[13:14:44] Modify product: Uncharacterized zinc protease Rv2782c => putative zinc protease
[13:14:44] Modify product: Uncharacterized zinc protease Rv2782c => putative zinc protease
[13:14:44] Modify product: Probable ABC transporter-binding protein DR_1571 => putative ABC transporter-binding protein
[13:14:44] Modify product: Probable ABC transporter-binding protein DR_1571 => putative ABC transporter-binding protein
[13:14:44] Modify product: Thylakoid-associated single-stranded DNA-binding protein slr1034 => Thylakoid-associated single-stranded DNA-binding protein
[13:14:44] Modify product: Vitamin K epoxide reductase homolog => Vitamin K epoxide reductase 
[13:14:44] Modify product: Uncharacterized FAD-linked oxidoreductase Rv2280 => putative FAD-linked oxidoreductase
[13:14:44] Modify product: Probable glutaredoxin ssr2061 => putative glutaredoxin
[13:14:44] Modify product: Uncharacterized oxidoreductase Rv2298 => putative oxidoreductase
[13:14:44] Modify product: Uncharacterized ABC transporter ATP-binding protein YxlF => putative ABC transporter ATP-binding protein YxlF
[13:14:44] Modify product: Probable BsuMI modification methylase subunit YdiO => putative BsuMI modification methylase subunit YdiO
[13:14:44] Modify product: Uncharacterized zinc protease Rv2782c => putative zinc protease
[13:14:44] Modify product: Probable protein kinase UbiB => putative protein kinase UbiB
[13:14:44] Modify product: Probable helicase HelY => putative helicase HelY
[13:14:44] Modify product: Uncharacterized phycocyanin operon protein Z => putative phycocyanin operon protein Z
[13:14:44] Modify product: Probable peptidoglycan glycosyltransferase FtsW => putative peptidoglycan glycosyltransferase FtsW
[13:14:45] Modify product: Probable murein peptide carboxypeptidase => putative murein peptide carboxypeptidase
[13:14:45] Modify product: Uncharacterized ABC transporter ATP-binding protein YknY => putative ABC transporter ATP-binding protein YknY
[13:14:45] Modify product: Probable protein kinase UbiB => putative protein kinase UbiB
[13:14:45] Modify product: Probable GTP-binding protein EngB => putative GTP-binding protein EngB
[13:14:45] Modify product: Probable doxorubicin resistance ABC transporter permease protein DrrC => putative doxorubicin resistance ABC transporter permease protein DrrC
[13:14:45] Modify product: Uncharacterized N-acetyltransferase YsnE => putative N-acetyltransferase YsnE
[13:14:45] Modify product: Probable transcriptional regulatory protein aq_1575 => putative transcriptional regulatory protein
[13:14:45] Modify product: Probable outer membrane protein PmpI => putative outer membrane protein PmpI
[13:14:45] Modify product: Carbon dioxide-concentrating mechanism protein CcmK homolog 2 => Carbon dioxide-concentrating mechanism protein CcmK 
[13:14:45] Modify product: Carbon dioxide-concentrating mechanism protein CcmK homolog 1 => Carbon dioxide-concentrating mechanism protein CcmK 
[13:14:45] Modify product: Carbon dioxide-concentrating mechanism protein CcmK homolog 2 => Carbon dioxide-concentrating mechanism protein CcmK 
[13:14:45] Modify product: Probable CtpA-like serine protease => putative CtpA-like serine protease
[13:14:45] Modify product: Probable 30S ribosomal protein PSRP-3 => putative 30S ribosomal protein PSRP-3
[13:14:45] Modify product: Uncharacterized ABC transporter ATP-binding protein TM_0288 => putative ABC transporter ATP-binding protein
[13:14:45] Modify product: Probable cysteine desulfurase => putative cysteine desulfurase
[13:14:45] Modify product: Uncharacterized MFS-type transporter Rv0037c => putative MFS-type transporter
[13:14:45] Modify product: Probable tRNA-dihydrouridine synthase => putative tRNA-dihydrouridine synthase
[13:14:45] Modify product: Uncharacterized lipoprotein YfhM => putative lipoprotein YfhM
[13:14:45] Modify product: Uncharacterized ABC transporter ATP-binding protein TM_0288 => putative ABC transporter ATP-binding protein
[13:14:46] Modify product: Transcriptional repressor SmtB homolog => Transcriptional repressor SmtB 
[13:14:46] Modify product: Probable cysteine desulfurase => putative cysteine desulfurase
[13:14:46] Modify product: Probable ATP-dependent transporter SufC => putative ATP-dependent transporter SufC
[13:14:46] Modify product: Uncharacterized membrane protein Rv2637 => putative membrane protein
[13:14:46] Modify product: Probable protein kinase UbiB => putative protein kinase UbiB
[13:14:46] Modify product: Monocarboxylate 2-oxoacid-binding periplasmic protein all3028 => Monocarboxylate 2-oxoacid-binding periplasmic protein
[13:14:46] Modify product: Probable multidrug resistance ABC transporter ATP-binding/permease protein YheI => putative multidrug resistance ABC transporter ATP-binding/permease protein YheI
[13:14:46] Modify product: Probable type I restriction enzyme BthVORF4518P M protein => putative type I restriction enzymeP M protein
[13:14:46] Modify product: Thioredoxin-like protein slr0233 => Thioredoxin-like protein
[13:14:46] Modify product: Probable ferredoxin/ferredoxin--NADP reductase => putative ferredoxin/ferredoxin--NADP reductase
[13:14:46] Modify product: Probable adenylyltransferase/sulfurtransferase MoeZ => putative adenylyltransferase/sulfurtransferase MoeZ
[13:14:46] Modify product: 1,4-alpha-glucan branching enzyme TTHA1902 => 1,4-alpha-glucan branching enzyme
[13:14:46] Modify product: Uncharacterized inner membrane transporter YedA => putative inner membrane transporter YedA
[13:14:46] Modify product: Probable protein-export membrane protein SecG => putative protein-export membrane protein SecG
[13:14:46] Modify product: Uncharacterized sugar kinase YdjH => putative sugar kinase YdjH
[13:14:46] Modify product: Probable transcriptional regulatory protein pdtaR => putative transcriptional regulatory protein pdtaR
[13:14:46] Modify product: Probable diguanylate cyclase YegE => putative diguanylate cyclase YegE
[13:14:46] Modify product: Glycogen operon protein GlgX homolog => Glycogen operon protein GlgX 
[13:14:46] Modify product: Oxygen-independent coproporphyrinogen-III oxidase-like protein sll1917 => Oxygen-independent coproporphyrinogen-III oxidase-like protein
[13:14:46] Modify product: Uncharacterized PIN and TRAM-domain containing protein YacL => putative PIN and TRAM-domain containing protein YacL
[13:14:46] Modify product: Probable peroxiredoxin => putative peroxiredoxin
[13:14:46] Modify product: Uncharacterized MscS family protein YkuT => putative MscS family protein YkuT
[13:14:46] Modify product: Probable nitrate transporter NarT => putative nitrate transporter NarT
[13:14:46] Modify product: Vitamin K epoxide reductase homolog => Vitamin K epoxide reductase 
[13:14:46] Modify product: Vitamin K epoxide reductase homolog => Vitamin K epoxide reductase 
[13:14:46] Modify product: Probable chromate transport protein => putative chromate transport protein
[13:14:46] Modify product: Probable protein kinase UbiB => putative protein kinase UbiB
[13:14:46] Modify product: Probable protein kinase UbiB => putative protein kinase UbiB
[13:14:47] Modify product: Probable ABC transporter-binding protein DR_1571 => putative ABC transporter-binding protein
[13:14:47] Modify product: Uncharacterized glycosyltransferase sll0501 => putative glycosyltransferase
[13:14:47] Modify product: Ribonuclease TTHA0252 => Ribonuclease
[13:14:47] Cleaned 140 /product names
[13:14:47] Deleting unwanted file: G7_sub5mega_prka_042617//sprot.faa
[13:14:47] Deleting unwanted file: G7_sub5mega_prka_042617//sprot.blast
[13:14:49] There are still 9088 unannotated CDS left (started with 11134)
[13:14:49] Will use hmmer3 to search against /opt/prokka/bin/../db/hmm/HAMAP.hmm with 7 CPUs
[13:14:49] Running: cat G7_sub5mega_prka_042617\/\/HAMAP\.hmm\.faa | parallel --gnu --plain -j 7 --block 120424 --recstart '>' --pipe hmmscan --noali --notextw --acc -E 1e-06 --cpu 1 /opt/prokka/bin/../db/hmm/HAMAP.hmm /dev/stdin > G7_sub5mega_prka_042617\/\/HAMAP\.hmm\.hmmer3 2> /dev/null
[13:16:33] Deleting unwanted file: G7_sub5mega_prka_042617//HAMAP.hmm.faa
[13:16:33] Deleting unwanted file: G7_sub5mega_prka_042617//HAMAP.hmm.hmmer3
[13:16:33] Labelling remaining 8922 proteins as 'hypothetical protein'
[13:16:33] Possible /pseudo 'CRP-like cAMP-activated global transcriptional regulator' at k99_3248 position 18391
[13:16:33] Possible /pseudo 'ATP-dependent zinc metalloprotease FtsH 4' at k99_8372 position 8466
[13:16:33] Possible /pseudo 'Chromophore lyase CpcS/CpeS' at k99_9858 position 8143
[13:16:33] Possible /pseudo 'Secreted effector protein PipB2' at k99_13825 position 38695
[13:16:33] Possible /pseudo 'Putative amino-acid ABC transporter-binding protein YhdW' at k99_22161 position 10648
[13:16:33] Possible /pseudo 'C-phycocyanin alpha chain' at k99_27280 position 1521
[13:16:33] Possible /pseudo 'Osmoprotectant-binding protein OsmX' at k99_27987 position 5954
[13:16:33] Possible /pseudo 'Osmoprotectant-binding protein OsmX' at k99_27987 position 6969
[13:16:33] Possible /pseudo 'Type-2 restriction enzyme AplI' at k99_27987 position 7691
[13:16:33] Possible /pseudo 'DNA replication and repair protein RecF' at k99_30491 position 24348
[13:16:33] Possible /pseudo 'Phosphoglucosamine mutase' at k99_44126 position 30213
[13:16:33] Possible /pseudo 'Phenylacetate-coenzyme A ligase' at k99_48378 position 10751
[13:16:33] Possible /pseudo 'Nucleoid-associated protein YbaB' at k99_49136 position 5657
[13:16:33] Possible /pseudo 'Carbon dioxide-concentrating mechanism protein CcmK ' at k99_50459 position 3906
[13:16:33] Possible /pseudo 'Group II intron-encoded protein LtrA' at k99_52600 position 1683
[13:16:33] Possible /pseudo 'ATP-dependent DNA helicase RecQ' at k99_57219 position 705
[13:16:33] Possible /pseudo 'Amino-acid carrier protein AlsT' at k99_58531 position 12965
[13:16:33] Possible /pseudo 'Cytochrome c oxidase subunit 1' at k99_61713 position 3126
[13:16:33] Possible /pseudo 'NADH-quinone oxidoreductase subunit L' at k99_61713 position 8683
[13:16:33] Possible /pseudo 'NADH-quinone oxidoreductase subunit L' at k99_61713 position 8956
[13:16:33] Possible /pseudo 'NADH-quinone oxidoreductase subunit N' at k99_61713 position 10283
[13:16:33] Possible /pseudo 'Putative prophage major tail sheath protein' at k99_62853 position 20945
[13:16:33] Possible /pseudo 'ATP-dependent Clp protease proteolytic subunit' at k99_67078 position 5532
[13:16:33] Possible /pseudo 'Phytochrome-like protein cph1' at k99_67755 position 4402
[13:16:33] Possible /pseudo 'Cyclic di-GMP phosphodiesterase PdeB' at k99_67755 position 8943
[13:16:33] Possible /pseudo 'putative NTE family protein' at k99_68204 position 3134
[13:16:33] Possible /pseudo 'putative zinc protease' at k99_71299 position 1629
[13:16:33] Possible /pseudo 'Chaperone protein DnaK' at k99_72206 position 5133
[13:16:33] Possible /pseudo 'ATP-dependent DNA helicase RecQ' at k99_77297 position 573
[13:16:33] Possible /pseudo 'Cytochrome c oxidase subunit 3' at k99_77954 position 478
[13:16:33] Possible /pseudo 'Cytochrome c oxidase subunit 2' at k99_77954 position 2495
[13:16:33] Possible /pseudo 'Polyketide biosynthesis protein PksE' at k99_79848 position 9956
[13:16:33] Possible /pseudo 'Protein TolB' at k99_80092 position 2617
[13:16:33] Possible /pseudo 'Group II intron-encoded protein LtrA' at k99_92399 position 1508
[13:16:33] Possible /pseudo 'Vitamin K epoxide reductase ' at k99_103582 position 12205
[13:16:33] Possible /pseudo 'Photosystem II CP43 reaction center protein' at k99_104472 position 19078
[13:16:33] Possible /pseudo 'Photosystem II CP43 reaction center protein' at k99_104472 position 20064
[13:16:33] Possible /pseudo 'Cobalt/magnesium transport protein CorA' at k99_106685 position 2103
[13:16:33] Possible /pseudo 'putative protein kinase UbiB' at k99_110087 position 2525
[13:16:33] Possible /pseudo 'Nicotine metabolites export pump subunit NepA' at k99_115179 position 371
[13:16:33] Possible /pseudo 'ATP-dependent DNA helicase RecQ' at k99_116994 position 574
[13:16:33] Possible /pseudo 'Extracellular esterase EstB' at k99_117345 position 8741
[13:16:33] Possible /pseudo 'Histidine ammonia-lyase' at k99_122526 position 16778
[13:16:33] Possible /pseudo 'Cytochrome c6' at k99_125840 position 5806
[13:16:33] Found 1400 unique /gene codes.
[13:16:33] Fixed 2 duplicate /gene - rtxA_1 rtxA_2
[13:16:33] Fixed 2 duplicate /gene - dnaX_1 dnaX_2
[13:16:33] Fixed 3 duplicate /gene - ctaE_1 ctaE_2 ctaE_3
[13:16:33] Fixed 3 duplicate /gene - ftsH2_1 ftsH2_2 ftsH2_3
[13:16:33] Fixed 3 duplicate /gene - cpcA_1 cpcA_2 cpcA_3
[13:16:33] Fixed 13 duplicate /gene - recF_1 recF_2 recF_3 recF_4 recF_5 recF_6 recF_7 recF_8 recF_9 recF_10 recF_11 recF_12 recF_13
[13:16:33] Fixed 3 duplicate /gene - ctpA_1 ctpA_2 ctpA_3
[13:16:33] Fixed 4 duplicate /gene - psbC_1 psbC_2 psbC_3 psbC_4
[13:16:33] Fixed 2 duplicate /gene - map_1 map_2
[13:16:33] Fixed 2 duplicate /gene - macA_1 macA_2
[13:16:33] Fixed 2 duplicate /gene - tylN_1 tylN_2
[13:16:33] Fixed 5 duplicate /gene - htrA_1 htrA_2 htrA_3 htrA_4 htrA_5
[13:16:33] Fixed 3 duplicate /gene - pepP_1 pepP_2 pepP_3
[13:16:33] Fixed 2 duplicate /gene - oprF_1 oprF_2
[13:16:33] Fixed 4 duplicate /gene - mprA_1 mprA_2 mprA_3 mprA_4
[13:16:33] Fixed 2 duplicate /gene - rpoC_1 rpoC_2
[13:16:33] Fixed 3 duplicate /gene - tmk_1 tmk_2 tmk_3
[13:16:33] Fixed 2 duplicate /gene - mntB_1 mntB_2
[13:16:33] Fixed 5 duplicate /gene - bshA_1 bshA_2 bshA_3 bshA_4 bshA_5
[13:16:33] Fixed 2 duplicate /gene - fbp_1 fbp_2
[13:16:33] Fixed 2 duplicate /gene - menE_1 menE_2
[13:16:33] Fixed 2 duplicate /gene - sppA_1 sppA_2
[13:16:33] Fixed 6 duplicate /gene - ftsH_1 ftsH_2 ftsH_3 ftsH_4 ftsH_5 ftsH_6
[13:16:33] Fixed 3 duplicate /gene - gpr_1 gpr_2 gpr_3
[13:16:33] Fixed 3 duplicate /gene - cugP_1 cugP_2 cugP_3
[13:16:33] Fixed 2 duplicate /gene - soxA_1 soxA_2
[13:16:33] Fixed 2 duplicate /gene - ywlC_1 ywlC_2
[13:16:33] Fixed 2 duplicate /gene - queE_1 queE_2
[13:16:33] Fixed 2 duplicate /gene - ndhD1_1 ndhD1_2
[13:16:33] Fixed 2 duplicate /gene - pimB_1 pimB_2
[13:16:33] Fixed 2 duplicate /gene - nadK_1 nadK_2
[13:16:33] Fixed 2 duplicate /gene - estB_1 estB_2
[13:16:33] Fixed 2 duplicate /gene - leuA_1 leuA_2
[13:16:33] Fixed 3 duplicate /gene - petJ_1 petJ_2 petJ_3
[13:16:33] Fixed 2 duplicate /gene - pcyA_1 pcyA_2
[13:16:33] Fixed 2 duplicate /gene - fbiC_1 fbiC_2
[13:16:33] Fixed 2 duplicate /gene - apr_1 apr_2
[13:16:33] Fixed 5 duplicate /gene - tolB_1 tolB_2 tolB_3 tolB_4 tolB_5
[13:16:33] Fixed 2 duplicate /gene - wecD_1 wecD_2
[13:16:33] Fixed 2 duplicate /gene - rpsA_1 rpsA_2
[13:16:33] Fixed 6 duplicate /gene - nuoL_1 nuoL_2 nuoL_3 nuoL_4 nuoL_5 nuoL_6
[13:16:33] Fixed 2 duplicate /gene - rnd_1 rnd_2
[13:16:33] Fixed 2 duplicate /gene - ltxB_1 ltxB_2
[13:16:33] Fixed 2 duplicate /gene - yciC_1 yciC_2
[13:16:33] Fixed 2 duplicate /gene - cmpR_1 cmpR_2
[13:16:33] Fixed 3 duplicate /gene - osmX_1 osmX_2 osmX_3
[13:16:33] Fixed 2 duplicate /gene - gltB_1 gltB_2
[13:16:33] Fixed 3 duplicate /gene - trxA_1 trxA_2 trxA_3
[13:16:33] Fixed 2 duplicate /gene - pdeB_1 pdeB_2
[13:16:33] Fixed 2 duplicate /gene - psbA2_1 psbA2_2
[13:16:33] Fixed 4 duplicate /gene - pkn1_1 pkn1_2 pkn1_3 pkn1_4
[13:16:33] Fixed 2 duplicate /gene - hisD_1 hisD_2
[13:16:33] Fixed 2 duplicate /gene - gyrA_1 gyrA_2
[13:16:33] Fixed 2 duplicate /gene - lptD_1 lptD_2
[13:16:33] Fixed 2 duplicate /gene - ubiG_1 ubiG_2
[13:16:33] Fixed 4 duplicate /gene - dapL_1 dapL_2 dapL_3 dapL_4
[13:16:33] Fixed 2 duplicate /gene - lip1_1 lip1_2
[13:16:33] Fixed 4 duplicate /gene - rebM_1 rebM_2 rebM_3 rebM_4
[13:16:33] Fixed 2 duplicate /gene - ziaR_1 ziaR_2
[13:16:33] Fixed 2 duplicate /gene - arcB_1 arcB_2
[13:16:33] Fixed 2 duplicate /gene - ndhC_1 ndhC_2
[13:16:33] Fixed 2 duplicate /gene - hemB_1 hemB_2
[13:16:33] Fixed 2 duplicate /gene - hisS_1 hisS_2
[13:16:33] Fixed 2 duplicate /gene - bcp_1 bcp_2
[13:16:33] Fixed 2 duplicate /gene - kch_1 kch_2
[13:16:33] Fixed 2 duplicate /gene - prcA_1 prcA_2
[13:16:33] Fixed 2 duplicate /gene - pspA_1 pspA_2
[13:16:33] Fixed 6 duplicate /gene - pleD_1 pleD_2 pleD_3 pleD_4 pleD_5 pleD_6
[13:16:33] Fixed 7 duplicate /gene - ycf3_1 ycf3_2 ycf3_3 ycf3_4 ycf3_5 ycf3_6 ycf3_7
[13:16:33] Fixed 2 duplicate /gene - glpQ_1 glpQ_2
[13:16:33] Fixed 3 duplicate /gene - garA_1 garA_2 garA_3
[13:16:33] Fixed 2 duplicate /gene - pcp_1 pcp_2
[13:16:33] Fixed 4 duplicate /gene - nanM_1 nanM_2 nanM_3 nanM_4
[13:16:33] Fixed 3 duplicate /gene - clpS_1 clpS_2 clpS_3
[13:16:33] Fixed 2 duplicate /gene - mdtB_1 mdtB_2
[13:16:33] Fixed 2 duplicate /gene - suhB_1 suhB_2
[13:16:33] Fixed 3 duplicate /gene - ctaD_1 ctaD_2 ctaD_3
[13:16:33] Fixed 3 duplicate /gene - lktA_1 lktA_2 lktA_3
[13:16:33] Fixed 2 duplicate /gene - hemH_1 hemH_2
[13:16:33] Fixed 2 duplicate /gene - pyrC_1 pyrC_2
[13:16:33] Fixed 2 duplicate /gene - spkA_1 spkA_2
[13:16:33] Fixed 2 duplicate /gene - rnr_1 rnr_2
[13:16:33] Fixed 2 duplicate /gene - fni_1 fni_2
[13:16:33] Fixed 2 duplicate /gene - comEC_1 comEC_2
[13:16:33] Fixed 4 duplicate /gene - trxB_1 trxB_2 trxB_3 trxB_4
[13:16:33] Fixed 2 duplicate /gene - priA_1 priA_2
[13:16:33] Fixed 2 duplicate /gene - pds_1 pds_2
[13:16:33] Fixed 2 duplicate /gene - gcvT_1 gcvT_2
[13:16:33] Fixed 5 duplicate /gene - htpX_1 htpX_2 htpX_3 htpX_4 htpX_5
[13:16:33] Fixed 2 duplicate /gene - adk_1 adk_2
[13:16:33] Fixed 2 duplicate /gene - sphR_1 sphR_2
[13:16:33] Fixed 2 duplicate /gene - atpG_1 atpG_2
[13:16:33] Fixed 2 duplicate /gene - guaB_1 guaB_2
[13:16:33] Fixed 4 duplicate /gene - sigA2_1 sigA2_2 sigA2_3 sigA2_4
[13:16:33] Fixed 5 duplicate /gene - pknB_1 pknB_2 pknB_3 pknB_4 pknB_5
[13:16:33] Fixed 3 duplicate /gene - clpB1_1 clpB1_2 clpB1_3
[13:16:33] Fixed 2 duplicate /gene - def_1 def_2
[13:16:33] Fixed 2 duplicate /gene - obg_1 obg_2
[13:16:33] Fixed 3 duplicate /gene - kfoC_1 kfoC_2 kfoC_3
[13:16:33] Fixed 2 duplicate /gene - ccmK2_1 ccmK2_2
[13:16:33] Fixed 2 duplicate /gene - speA_1 speA_2
[13:16:33] Fixed 3 duplicate /gene - yfcG_1 yfcG_2 yfcG_3
[13:16:33] Fixed 2 duplicate /gene - atpC_1 atpC_2
[13:16:33] Fixed 2 duplicate /gene - mscK_1 mscK_2
[13:16:33] Fixed 2 duplicate /gene - kynB_1 kynB_2
[13:16:33] Fixed 3 duplicate /gene - soj_1 soj_2 soj_3
[13:16:33] Fixed 3 duplicate /gene - cobN_1 cobN_2 cobN_3
[13:16:33] Fixed 2 duplicate /gene - spo0C_1 spo0C_2
[13:16:33] Fixed 2 duplicate /gene - cpdA_1 cpdA_2
[13:16:33] Fixed 3 duplicate /gene - ctaC_1 ctaC_2 ctaC_3
[13:16:33] Fixed 2 duplicate /gene - pknL_1 pknL_2
[13:16:33] Fixed 4 duplicate /gene - rsbW_1 rsbW_2 rsbW_3 rsbW_4
[13:16:33] Fixed 2 duplicate /gene - dpp5_1 dpp5_2
[13:16:33] Fixed 2 duplicate /gene - ppsD_1 ppsD_2
[13:16:33] Fixed 2 duplicate /gene - vapC1_1 vapC1_2
[13:16:33] Fixed 2 duplicate /gene - algA_1 algA_2
[13:16:33] Fixed 2 duplicate /gene - hisI_1 hisI_2
[13:16:33] Fixed 2 duplicate /gene - gatA_1 gatA_2
[13:16:33] Fixed 4 duplicate /gene - cpcS_1 cpcS_2 cpcS_3 cpcS_4
[13:16:33] Fixed 2 duplicate /gene - spkD_1 spkD_2
[13:16:33] Fixed 2 duplicate /gene - cysS_1 cysS_2
[13:16:33] Fixed 2 duplicate /gene - atpE_1 atpE_2
[13:16:33] Fixed 2 duplicate /gene - gmd_1 gmd_2
[13:16:33] Fixed 6 duplicate /gene - spkC_1 spkC_2 spkC_3 spkC_4 spkC_5 spkC_6
[13:16:33] Fixed 2 duplicate /gene - valS_1 valS_2
[13:16:33] Fixed 2 duplicate /gene - dnaK2_1 dnaK2_2
[13:16:33] Fixed 2 duplicate /gene - bacC_1 bacC_2
[13:16:33] Fixed 2 duplicate /gene - drrA_1 drrA_2
[13:16:33] Fixed 2 duplicate /gene - cpeT_1 cpeT_2
[13:16:33] Fixed 2 duplicate /gene - mdtA_1 mdtA_2
[13:16:33] Fixed 2 duplicate /gene - pilT_1 pilT_2
[13:16:33] Fixed 2 duplicate /gene - yvhJ_1 yvhJ_2
[13:16:33] Fixed 2 duplicate /gene - glrR_1 glrR_2
[13:16:33] Fixed 2 duplicate /gene - draG_1 draG_2
[13:16:33] Fixed 3 duplicate /gene - cckA_1 cckA_2 cckA_3
[13:16:33] Fixed 3 duplicate /gene - pknD_1 pknD_2 pknD_3
[13:16:33] Fixed 2 duplicate /gene - clpC_1 clpC_2
[13:16:33] Fixed 3 duplicate /gene - stp_1 stp_2 stp_3
[13:16:33] Fixed 2 duplicate /gene - polC_1 polC_2
[13:16:33] Fixed 2 duplicate /gene - walK_1 walK_2
[13:16:33] Fixed 2 duplicate /gene - ppsC_1 ppsC_2
[13:16:33] Fixed 3 duplicate /gene - nuoN_1 nuoN_2 nuoN_3
[13:16:33] Fixed 2 duplicate /gene - cmdD_1 cmdD_2
[13:16:33] Fixed 2 duplicate /gene - corA_1 corA_2
[13:16:33] Fixed 2 duplicate /gene - trpB_1 trpB_2
[13:16:33] Fixed 2 duplicate /gene - bacA_1 bacA_2
[13:16:33] Fixed 2 duplicate /gene - gph_1 gph_2
[13:16:33] Fixed 2 duplicate /gene - ancA_1 ancA_2
[13:16:33] Fixed 4 duplicate /gene - cyaA_1 cyaA_2 cyaA_3 cyaA_4
[13:16:33] Fixed 2 duplicate /gene - rpsU1_1 rpsU1_2
[13:16:33] Fixed 2 duplicate /gene - glgX_1 glgX_2
[13:16:33] Fixed 2 duplicate /gene - ftsY_1 ftsY_2
[13:16:33] Fixed 2 duplicate /gene - merA_1 merA_2
[13:16:33] Fixed 4 duplicate /gene - clpP_1 clpP_2 clpP_3 clpP_4
[13:16:33] Fixed 2 duplicate /gene - vapC2_1 vapC2_2
[13:16:33] Fixed 2 duplicate /gene - lptB_1 lptB_2
[13:16:33] Fixed 2 duplicate /gene - pstA_1 pstA_2
[13:16:33] Fixed 3 duplicate /gene - kmo_1 kmo_2 kmo_3
[13:16:33] Fixed 2 duplicate /gene - yjcD_1 yjcD_2
[13:16:33] Fixed 4 duplicate /gene - era_1 era_2 era_3 era_4
[13:16:33] Fixed 13 duplicate /gene - pipB2_1 pipB2_2 pipB2_3 pipB2_4 pipB2_5 pipB2_6 pipB2_7 pipB2_8 pipB2_9 pipB2_10 pipB2_11 pipB2_12 pipB2_13
[13:16:33] Fixed 2 duplicate /gene - tsaM1_1 tsaM1_2
[13:16:33] Fixed 2 duplicate /gene - fur_1 fur_2
[13:16:33] Fixed 2 duplicate /gene - dfa3_1 dfa3_2
[13:16:33] Fixed 2 duplicate /gene - ddl_1 ddl_2
[13:16:33] Fixed 8 duplicate /gene - bepA_1 bepA_2 bepA_3 bepA_4 bepA_5 bepA_6 bepA_7 bepA_8
[13:16:33] Fixed 2 duplicate /gene - nudF_1 nudF_2
[13:16:33] Fixed 2 duplicate /gene - purE_1 purE_2
[13:16:33] Fixed 2 duplicate /gene - spkF_1 spkF_2
[13:16:33] Fixed 4 duplicate /gene - menG_1 menG_2 menG_3 menG_4
[13:16:33] Fixed 2 duplicate /gene - inlA_1 inlA_2
[13:16:33] Fixed 2 duplicate /gene - gatC_1 gatC_2
[13:16:33] Fixed 2 duplicate /gene - zraS_1 zraS_2
[13:16:33] Fixed 4 duplicate /gene - cph2_1 cph2_2 cph2_3 cph2_4
[13:16:33] Fixed 3 duplicate /gene - cyaB_1 cyaB_2 cyaB_3
[13:16:33] Fixed 2 duplicate /gene - menH_1 menH_2
[13:16:33] Fixed 2 duplicate /gene - pstC_1 pstC_2
[13:16:33] Fixed 2 duplicate /gene - atpB_1 atpB_2
[13:16:33] Fixed 2 duplicate /gene - glcK_1 glcK_2
[13:16:33] Fixed 2 duplicate /gene - nadC_1 nadC_2
[13:16:33] Fixed 2 duplicate /gene - pvuIIM_1 pvuIIM_2
[13:16:33] Fixed 2 duplicate /gene - cph1_1 cph1_2
[13:16:33] Fixed 2 duplicate /gene - rspB_1 rspB_2
[13:16:33] Fixed 2 duplicate /gene - fusA_1 fusA_2
[13:16:33] Fixed 2 duplicate /gene - thiO_1 thiO_2
[13:16:33] Fixed 3 duplicate /gene - pksE_1 pksE_2 pksE_3
[13:16:33] Fixed 2 duplicate /gene - cobD_1 cobD_2
[13:16:33] Fixed 2 duplicate /gene - mepM_1 mepM_2
[13:16:33] Fixed 3 duplicate /gene - walR_1 walR_2 walR_3
[13:16:33] Fixed 7 duplicate /gene - ubiB_1 ubiB_2 ubiB_3 ubiB_4 ubiB_5 ubiB_6 ubiB_7
[13:16:33] Fixed 2 duplicate /gene - cbiX_1 cbiX_2
[13:16:33] Fixed 2 duplicate /gene - cheA_1 cheA_2
[13:16:33] Fixed 2 duplicate /gene - stkP_1 stkP_2
[13:16:33] Fixed 3 duplicate /gene - yhdW_1 yhdW_2 yhdW_3
[13:16:33] Fixed 2 duplicate /gene - thrS_1 thrS_2
[13:16:33] Fixed 3 duplicate /gene - dnaK_1 dnaK_2 dnaK_3
[13:16:33] Fixed 2 duplicate /gene - serS_1 serS_2
[13:16:33] Fixed 2 duplicate /gene - mmcR_1 mmcR_2
[13:16:33] Fixed 3 duplicate /gene - cpcE_1 cpcE_2 cpcE_3
[13:16:33] Fixed 2 duplicate /gene - afsQ1_1 afsQ1_2
[13:16:33] Fixed 4 duplicate /gene - mshA_1 mshA_2 mshA_3 mshA_4
[13:16:33] Fixed 2 duplicate /gene - dhaA_1 dhaA_2
[13:16:33] Fixed 13 duplicate /gene - yrrB_1 yrrB_2 yrrB_3 yrrB_4 yrrB_5 yrrB_6 yrrB_7 yrrB_8 yrrB_9 yrrB_10 yrrB_11 yrrB_12 yrrB_13
[13:16:33] Fixed 2 duplicate /gene - arnT_1 arnT_2
[13:16:33] Fixed 2 duplicate /gene - csd_1 csd_2
[13:16:33] Fixed 2 duplicate /gene - rnz_1 rnz_2
[13:16:33] Fixed 2 duplicate /gene - natA_1 natA_2
[13:16:33] Fixed 2 duplicate /gene - panD_1 panD_2
[13:16:33] Fixed 2 duplicate /gene - gsiA_1 gsiA_2
[13:16:33] Fixed 2 duplicate /gene - dppB_1 dppB_2
[13:16:33] Fixed 2 duplicate /gene - pmbA_1 pmbA_2
[13:16:33] Fixed 2 duplicate /gene - swrC_1 swrC_2
[13:16:33] Fixed 16 duplicate /gene - ltxA_1 ltxA_2 ltxA_3 ltxA_4 ltxA_5 ltxA_6 ltxA_7 ltxA_8 ltxA_9 ltxA_10 ltxA_11 ltxA_12 ltxA_13 ltxA_14 ltxA_15 ltxA_16
[13:16:33] Fixed 2 duplicate /gene - pstB3_1 pstB3_2
[13:16:33] Fixed 2 duplicate /gene - nuoH_1 nuoH_2
[13:16:33] Fixed 2 duplicate /gene - aplIM_1 aplIM_2
[13:16:33] Fixed 2 duplicate /gene - rnc_1 rnc_2
[13:16:33] Fixed 3 duplicate /gene - azoB_1 azoB_2 azoB_3
[13:16:33] Fixed 2 duplicate /gene - tldD_1 tldD_2
[13:16:33] Fixed 2 duplicate /gene - gpFI_1 gpFI_2
[13:16:33] Fixed 2 duplicate /gene - slpA_1 slpA_2
[13:16:33] Fixed 2 duplicate /gene - ybaB_1 ybaB_2
[13:16:33] Fixed 2 duplicate /gene - yhdJ_1 yhdJ_2
[13:16:33] Fixed 2 duplicate /gene - hutH_1 hutH_2
[13:16:33] Fixed 2 duplicate /gene - corC_1 corC_2
[13:16:33] Fixed 2 duplicate /gene - gloA_1 gloA_2
[13:16:33] Fixed 14 duplicate /gene - vapC_1 vapC_2 vapC_3 vapC_4 vapC_5 vapC_6 vapC_7 vapC_8 vapC_9 vapC_10 vapC_11 vapC_12 vapC_13 vapC_14
[13:16:33] Fixed 2 duplicate /gene - amiC_1 amiC_2
[13:16:33] Fixed 3 duplicate /gene - ytrE_1 ytrE_2 ytrE_3
[13:16:33] Fixed 2 duplicate /gene - sir_1 sir_2
[13:16:33] Fixed 2 duplicate /gene - glxR_1 glxR_2
[13:16:33] Fixed 2 duplicate /gene - ykuT_1 ykuT_2
[13:16:33] Fixed 2 duplicate /gene - kaiB_1 kaiB_2
[13:16:33] Fixed 3 duplicate /gene - luxQ_1 luxQ_2 luxQ_3
[13:16:33] Fixed 2 duplicate /gene - galE_1 galE_2
[13:16:33] Fixed 6 duplicate /gene - kinE_1 kinE_2 kinE_3 kinE_4 kinE_5 kinE_6
[13:16:33] Fixed 2 duplicate /gene - cinA_1 cinA_2
[13:16:33] Fixed 2 duplicate /gene - per1_1 per1_2
[13:16:33] Fixed 4 duplicate /gene - surE_1 surE_2 surE_3 surE_4
[13:16:33] Fixed 2 duplicate /gene - hyfB_1 hyfB_2
[13:16:33] Fixed 3 duplicate /gene - der_1 der_2 der_3
[13:16:33] Fixed 2 duplicate /gene - tagH_1 tagH_2
[13:16:33] Fixed 2 duplicate /gene - cotSA_1 cotSA_2
[13:16:33] Fixed 2 duplicate /gene - polA_1 polA_2
[13:16:33] Fixed 2 duplicate /gene - folE_1 folE_2
[13:16:33] Fixed 2 duplicate /gene - nepA_1 nepA_2
[13:16:33] Fixed 2 duplicate /gene - bchI_1 bchI_2
[13:16:33] Fixed 2 duplicate /gene - relA_1 relA_2
[13:16:33] Fixed 2 duplicate /gene - bioF_1 bioF_2
[13:16:33] Fixed 2 duplicate /gene - bioC_1 bioC_2
[13:16:33] Fixed 2 duplicate /gene - desV_1 desV_2
[13:16:33] Fixed 2 duplicate /gene - rebO_1 rebO_2
[13:16:33] Fixed 2 duplicate /gene - cefD_1 cefD_2
[13:16:33] Fixed 3 duplicate /gene - rsbU_1 rsbU_2 rsbU_3
[13:16:33] Fixed 3 duplicate /gene - putP_1 putP_2 putP_3
[13:16:33] Fixed 2 duplicate /gene - sipT_1 sipT_2
[13:16:33] Fixed 2 duplicate /gene - fabF_1 fabF_2
[13:16:33] Fixed 3 duplicate /gene - ppsA_1 ppsA_2 ppsA_3
[13:16:33] Fixed 3 duplicate /gene - ntcA_1 ntcA_2 ntcA_3
[13:16:33] Fixed 2 duplicate /gene - cpeC_1 cpeC_2
[13:16:33] Fixed 2 duplicate /gene - zitB_1 zitB_2
[13:16:33] Fixed 2 duplicate /gene - modB_1 modB_2
[13:16:33] Fixed 2 duplicate /gene - allA_1 allA_2
[13:16:33] Fixed 2 duplicate /gene - alsT_1 alsT_2
[13:16:33] Fixed 2 duplicate /gene - recJ_1 recJ_2
[13:16:33] Fixed 2 duplicate /gene - strE_1 strE_2
[13:16:33] Fixed 2 duplicate /gene - aplIR_1 aplIR_2
[13:16:33] Fixed 2 duplicate /gene - proA_1 proA_2
[13:16:33] Fixed 3 duplicate /gene - bspRIM_1 bspRIM_2 bspRIM_3
[13:16:33] Fixed 4 duplicate /gene - lgrD_1 lgrD_2 lgrD_3 lgrD_4
[13:16:33] Fixed 2 duplicate /gene - banIM_1 banIM_2
[13:16:33] Fixed 2 duplicate /gene - aspC_1 aspC_2
[13:16:33] Fixed 11 duplicate /gene - smc_1 smc_2 smc_3 smc_4 smc_5 smc_6 smc_7 smc_8 smc_9 smc_10 smc_11
[13:16:33] Fixed 2 duplicate /gene - aaeA_1 aaeA_2
[13:16:33] Fixed 3 duplicate /gene - fabG_1 fabG_2 fabG_3
[13:16:33] Fixed 3 duplicate /gene - pstS_1 pstS_2 pstS_3
[13:16:33] Fixed 7 duplicate /gene - haeIIIM_1 haeIIIM_2 haeIIIM_3 haeIIIM_4 haeIIIM_5 haeIIIM_6 haeIIIM_7
[13:16:33] Fixed 2 duplicate /gene - upp_1 upp_2
[13:16:33] Fixed 2 duplicate /gene - glnH_1 glnH_2
[13:16:33] Fixed 35 duplicate /gene - ltrA_1 ltrA_2 ltrA_3 ltrA_4 ltrA_5 ltrA_6 ltrA_7 ltrA_8 ltrA_9 ltrA_10 ltrA_11 ltrA_12 ltrA_13 ltrA_14 ltrA_15 ltrA_16 ltrA_17 ltrA_18 ltrA_19 ltrA_20 ltrA_21 ltrA_22 ltrA_23 ltrA_24 ltrA_25 ltrA_26 ltrA_27 ltrA_28 ltrA_29 ltrA_30 ltrA_31 ltrA_32 ltrA_33 ltrA_34 ltrA_35
[13:16:33] Fixed 2 duplicate /gene - glyA_1 glyA_2
[13:16:33] Fixed 3 duplicate /gene - dctB_1 dctB_2 dctB_3
[13:16:33] Fixed 3 duplicate /gene - rsbV_1 rsbV_2 rsbV_3
[13:16:33] Fixed 3 duplicate /gene - barA_1 barA_2 barA_3
[13:16:33] Fixed 3 duplicate /gene - rapA_1 rapA_2 rapA_3
[13:16:33] Fixed 12 duplicate /gene - cya_1 cya_2 cya_3 cya_4 cya_5 cya_6 cya_7 cya_8 cya_9 cya_10 cya_11 cya_12
[13:16:33] Fixed 2 duplicate /gene - dnaG_1 dnaG_2
[13:16:33] Fixed 2 duplicate /gene - yxlF_1 yxlF_2
[13:16:33] Fixed 2 duplicate /gene - iscS_1 iscS_2
[13:16:33] Fixed 2 duplicate /gene - bicA_1 bicA_2
[13:16:33] Fixed 2 duplicate /gene - glmM_1 glmM_2
[13:16:33] Fixed 3 duplicate /gene - asnB_1 asnB_2 asnB_3
[13:16:33] Fixed 7 duplicate /gene - dnaJ_1 dnaJ_2 dnaJ_3 dnaJ_4 dnaJ_5 dnaJ_6 dnaJ_7
[13:16:33] Fixed 2 duplicate /gene - cobO_1 cobO_2
[13:16:33] Fixed 3 duplicate /gene - crp_1 crp_2 crp_3
[13:16:33] Fixed 2 duplicate /gene - gshB_1 gshB_2
[13:16:33] Fixed 2 duplicate /gene - thrC_1 thrC_2
[13:16:33] Fixed 3 duplicate /gene - ydjZ_1 ydjZ_2 ydjZ_3
[13:16:33] Fixed 2 duplicate /gene - nadE_1 nadE_2
[13:16:33] Fixed 4 duplicate /gene - recD2_1 recD2_2 recD2_3 recD2_4
[13:16:33] Fixed 3 duplicate /gene - crtI_1 crtI_2 crtI_3
[13:16:33] Fixed 2 duplicate /gene - lpxB_1 lpxB_2
[13:16:33] Fixed 31 duplicate /gene - recQ_1 recQ_2 recQ_3 recQ_4 recQ_5 recQ_6 recQ_7 recQ_8 recQ_9 recQ_10 recQ_11 recQ_12 recQ_13 recQ_14 recQ_15 recQ_16 recQ_17 recQ_18 recQ_19 recQ_20 recQ_21 recQ_22 recQ_23 recQ_24 recQ_25 recQ_26 recQ_27 recQ_28 recQ_29 recQ_30 recQ_31
[13:16:33] Fixed 3 duplicate /gene - znuC_1 znuC_2 znuC_3
[13:16:33] Fixed 2 duplicate /gene - pyrE_1 pyrE_2
[13:16:33] Fixed 2 duplicate /gene - ndbB_1 ndbB_2
[13:16:33] Fixed 2 duplicate /gene - lytB_1 lytB_2
[13:16:33] Fixed 2 duplicate /gene - fdx4_1 fdx4_2
[13:16:33] Fixed 2 duplicate /gene - lepA_1 lepA_2
[13:16:33] Fixed 2 duplicate /gene - cpcG_1 cpcG_2
[13:16:33] Fixed 3 duplicate /gene - ftsH4_1 ftsH4_2 ftsH4_3
[13:16:33] Fixed 2 duplicate /gene - aspS_1 aspS_2
[13:16:33] Fixed 10 duplicate /gene - spkB_1 spkB_2 spkB_3 spkB_4 spkB_5 spkB_6 spkB_7 spkB_8 spkB_9 spkB_10
[13:16:33] Fixed 2 duplicate /gene - potA_1 potA_2
[13:16:33] Fixed 314 colliding /gene names.
[13:16:33] Adding /locus_tag identifiers
[13:16:33] Assigned 11184 locus_tags to CDS and RNA features.
[13:16:33] Writing outputs to G7_sub5mega_prka_042617//
[13:16:39] Generating annotation statistics file
[13:16:39] Generating Genbank and Sequin files
[13:16:39] Running: tbl2asn -V b -a r10k -l paired-ends -M n -N 1 -y 'Annotated using prokka 1.12 from https://github.com/tseemann/prokka' -Z G7_sub5mega_prka_042617\/\/G7sub5mega\.err -i G7_sub5mega_prka_042617\/\/G7sub5mega\.fsa 2> /dev/null
[13:17:21] Deleting unwanted file: G7_sub5mega_prka_042617//errorsummary.val
[13:17:21] Deleting unwanted file: G7_sub5mega_prka_042617//G7sub5mega.dr
[13:17:21] Deleting unwanted file: G7_sub5mega_prka_042617//G7sub5mega.fixedproducts
[13:17:21] Deleting unwanted file: G7_sub5mega_prka_042617//G7sub5mega.ecn
[13:17:21] Deleting unwanted file: G7_sub5mega_prka_042617//G7sub5mega.val
[13:17:21] Repairing broken .GBK output that tbl2asn produces...
[13:17:21] Running: sed 's/COORDINATES: profile/COORDINATES:profile/' < G7_sub5mega_prka_042617\/\/G7sub5mega\.gbf > G7_sub5mega_prka_042617\/\/G7sub5mega\.gbk
[13:17:21] Deleting unwanted file: G7_sub5mega_prka_042617//G7sub5mega.gbf
[13:17:21] Output files:
[13:17:21] G7_sub5mega_prka_042617/G7sub5mega.gff
[13:17:21] G7_sub5mega_prka_042617/G7sub5mega.sqn
[13:17:21] G7_sub5mega_prka_042617/G7sub5mega.txt
[13:17:21] G7_sub5mega_prka_042617/G7sub5mega.fna
[13:17:21] G7_sub5mega_prka_042617/G7sub5mega.faa
[13:17:21] G7_sub5mega_prka_042617/G7sub5mega.tsv
[13:17:21] G7_sub5mega_prka_042617/G7sub5mega.log
[13:17:21] G7_sub5mega_prka_042617/G7sub5mega.err
[13:17:21] G7_sub5mega_prka_042617/G7sub5mega.gbk
[13:17:21] G7_sub5mega_prka_042617/G7sub5mega.tbl
[13:17:21] G7_sub5mega_prka_042617/G7sub5mega.fsa
[13:17:21] G7_sub5mega_prka_042617/G7sub5mega.ffn
[13:17:21] Annotation finished successfully.
[13:17:21] Walltime used: 5.78 minutes
[13:17:21] If you use this result please cite the Prokka paper:
[13:17:21] Seemann T (2014) Prokka: rapid prokaryotic genome annotation. Bioinformatics. 30(14):2068-9.
[13:17:21] Type 'prokka --citation' for more details.
[13:17:21] Share and enjoy!
